Determining if the pthread_create exist failed with the following output:
Change Dir: /home/jingsheng/ROS_Learning/catkin_ws/build/CMakeFiles/CMakeTmp

Run Build Command:"/usr/bin/make" "cmTC_7151b/fast"
/usr/bin/make -f CMakeFiles/cmTC_7151b.dir/build.make CMakeFiles/cmTC_7151b.dir/build
make[1]: Entering directory '/home/jingsheng/ROS_Learning/catkin_ws/build/CMakeFiles/CMakeTmp'
Building C object CMakeFiles/cmTC_7151b.dir/CheckSymbolExists.c.o
/usr/bin/cc    -o CMakeFiles/cmTC_7151b.dir/CheckSymbolExists.c.o   -c /home/jingsheng/ROS_Learning/catkin_ws/build/CMakeFiles/CMakeTmp/CheckSymbolExists.c
Linking C executable cmTC_7151b
/usr/bin/cmake -E cmake_link_script CMakeFiles/cmTC_7151b.dir/link.txt --verbose=1
/usr/bin/cc      -rdynamic CMakeFiles/cmTC_7151b.dir/CheckSymbolExists.c.o  -o cmTC_7151b 
CMakeFiles/cmTC_7151b.dir/CheckSymbolExists.c.o: In function `main':
CheckSymbolExists.c:(.text+0x1b): undefined reference to `pthread_create'
collect2: error: ld returned 1 exit status
CMakeFiles/cmTC_7151b.dir/build.make:97: recipe for target 'cmTC_7151b' failed
make[1]: *** [cmTC_7151b] Error 1
make[1]: Leaving directory '/home/jingsheng/ROS_Learning/catkin_ws/build/CMakeFiles/CMakeTmp'
Makefile:126: recipe for target 'cmTC_7151b/fast' failed
make: *** [cmTC_7151b/fast] Error 2

File /home/jingsheng/ROS_Learning/catkin_ws/build/CMakeFiles/CMakeTmp/CheckSymbolExists.c:
/* */
#include <pthread.h>

int main(int argc, char** argv)
{
  (void)argv;
#ifndef pthread_create
  return ((int*)(&pthread_create))[argc];
#else
  (void)argc;
  return 0;
#endif
}

Determining if the function pthread_create exists in the pthreads failed with the following output:
Change Dir: /home/jingsheng/ROS_Learning/catkin_ws/build/CMakeFiles/CMakeTmp

Run Build Command:"/usr/bin/make" "cmTC_52ba9/fast"
/usr/bin/make -f CMakeFiles/cmTC_52ba9.dir/build.make CMakeFiles/cmTC_52ba9.dir/build
make[1]: Entering directory '/home/jingsheng/ROS_Learning/catkin_ws/build/CMakeFiles/CMakeTmp'
Building C object CMakeFiles/cmTC_52ba9.dir/CheckFunctionExists.c.o
/usr/bin/cc   -DCHECK_FUNCTION_EXISTS=pthread_create   -o CMakeFiles/cmTC_52ba9.dir/CheckFunctionExists.c.o   -c /usr/share/cmake-3.10/Modules/CheckFunctionExists.c
Linking C executable cmTC_52ba9
/usr/bin/cmake -E cmake_link_script CMakeFiles/cmTC_52ba9.dir/link.txt --verbose=1
/usr/bin/cc  -DCHECK_FUNCTION_EXISTS=pthread_create    -rdynamic CMakeFiles/cmTC_52ba9.dir/CheckFunctionExists.c.o  -o cmTC_52ba9 -lpthreads 
/usr/bin/ld: cannot find -lpthreads
collect2: error: ld returned 1 exit status
CMakeFiles/cmTC_52ba9.dir/build.make:97: recipe for target 'cmTC_52ba9' failed
make[1]: *** [cmTC_52ba9] Error 1
make[1]: Leaving directory '/home/jingsheng/ROS_Learning/catkin_ws/build/CMakeFiles/CMakeTmp'
Makefile:126: recipe for target 'cmTC_52ba9/fast' failed
make: *** [cmTC_52ba9/fast] Error 2


Determining if the Q_WS_WIN exist failed with the following output:
Change Dir: /home/jingsheng/ROS_Learning/catkin_ws/build/CMakeFiles/CMakeTmp

Run Build Command:"/usr/bin/make" "cmTC_e2401/fast"
make[1]: Entering directory '/home/jingsheng/ROS_Learning/catkin_ws/build/CMakeFiles/CMakeTmp'
/usr/bin/make -f CMakeFiles/cmTC_e2401.dir/build.make CMakeFiles/cmTC_e2401.dir/build
make[2]: Entering directory '/home/jingsheng/ROS_Learning/catkin_ws/build/CMakeFiles/CMakeTmp'
Building CXX object CMakeFiles/cmTC_e2401.dir/CheckSymbolExists.cxx.o
/usr/bin/c++   -I/usr/include/qt4   -o CMakeFiles/cmTC_e2401.dir/CheckSymbolExists.cxx.o -c /home/jingsheng/ROS_Learning/catkin_ws/build/CMakeFiles/CMakeTmp/CheckSymbolExists.cxx
/home/jingsheng/ROS_Learning/catkin_ws/build/CMakeFiles/CMakeTmp/CheckSymbolExists.cxx: In function ‘int main(int, char**)’:
/home/jingsheng/ROS_Learning/catkin_ws/build/CMakeFiles/CMakeTmp/CheckSymbolExists.cxx:8:19: error: ‘Q_WS_WIN’ was not declared in this scope
   return ((int*)(&Q_WS_WIN))[argc];
                   ^~~~~~~~
/home/jingsheng/ROS_Learning/catkin_ws/build/CMakeFiles/CMakeTmp/CheckSymbolExists.cxx:8:19: note: suggested alternative: ‘Q_WS_X11’
   return ((int*)(&Q_WS_WIN))[argc];
                   ^~~~~~~~
                   Q_WS_X11
CMakeFiles/cmTC_e2401.dir/build.make:65: recipe for target 'CMakeFiles/cmTC_e2401.dir/CheckSymbolExists.cxx.o' failed
make[2]: *** [CMakeFiles/cmTC_e2401.dir/CheckSymbolExists.cxx.o] Error 1
make[2]: Leaving directory '/home/jingsheng/ROS_Learning/catkin_ws/build/CMakeFiles/CMakeTmp'
Makefile:126: recipe for target 'cmTC_e2401/fast' failed
make[1]: *** [cmTC_e2401/fast] Error 2
make[1]: Leaving directory '/home/jingsheng/ROS_Learning/catkin_ws/build/CMakeFiles/CMakeTmp'

File /home/jingsheng/ROS_Learning/catkin_ws/build/CMakeFiles/CMakeTmp/CheckSymbolExists.cxx:
/* */
#include <QtCore/qglobal.h>

int main(int argc, char** argv)
{
  (void)argv;
#ifndef Q_WS_WIN
  return ((int*)(&Q_WS_WIN))[argc];
#else
  (void)argc;
  return 0;
#endif
}

Determining if the Q_WS_QWS exist failed with the following output:
Change Dir: /home/jingsheng/ROS_Learning/catkin_ws/build/CMakeFiles/CMakeTmp

Run Build Command:"/usr/bin/make" "cmTC_79786/fast"
make[1]: Entering directory '/home/jingsheng/ROS_Learning/catkin_ws/build/CMakeFiles/CMakeTmp'
/usr/bin/make -f CMakeFiles/cmTC_79786.dir/build.make CMakeFiles/cmTC_79786.dir/build
make[2]: Entering directory '/home/jingsheng/ROS_Learning/catkin_ws/build/CMakeFiles/CMakeTmp'
Building CXX object CMakeFiles/cmTC_79786.dir/CheckSymbolExists.cxx.o
/usr/bin/c++   -I/usr/include/qt4   -o CMakeFiles/cmTC_79786.dir/CheckSymbolExists.cxx.o -c /home/jingsheng/ROS_Learning/catkin_ws/build/CMakeFiles/CMakeTmp/CheckSymbolExists.cxx
/home/jingsheng/ROS_Learning/catkin_ws/build/CMakeFiles/CMakeTmp/CheckSymbolExists.cxx: In function ‘int main(int, char**)’:
/home/jingsheng/ROS_Learning/catkin_ws/build/CMakeFiles/CMakeTmp/CheckSymbolExists.cxx:8:19: error: ‘Q_WS_QWS’ was not declared in this scope
   return ((int*)(&Q_WS_QWS))[argc];
                   ^~~~~~~~
/home/jingsheng/ROS_Learning/catkin_ws/build/CMakeFiles/CMakeTmp/CheckSymbolExists.cxx:8:19: note: suggested alternative: ‘Q_WS_X11’
   return ((int*)(&Q_WS_QWS))[argc];
                   ^~~~~~~~
                   Q_WS_X11
CMakeFiles/cmTC_79786.dir/build.make:65: recipe for target 'CMakeFiles/cmTC_79786.dir/CheckSymbolExists.cxx.o' failed
make[2]: *** [CMakeFiles/cmTC_79786.dir/CheckSymbolExists.cxx.o] Error 1
make[2]: Leaving directory '/home/jingsheng/ROS_Learning/catkin_ws/build/CMakeFiles/CMakeTmp'
Makefile:126: recipe for target 'cmTC_79786/fast' failed
make[1]: *** [cmTC_79786/fast] Error 2
make[1]: Leaving directory '/home/jingsheng/ROS_Learning/catkin_ws/build/CMakeFiles/CMakeTmp'

File /home/jingsheng/ROS_Learning/catkin_ws/build/CMakeFiles/CMakeTmp/CheckSymbolExists.cxx:
/* */
#include <QtCore/qglobal.h>

int main(int argc, char** argv)
{
  (void)argv;
#ifndef Q_WS_QWS
  return ((int*)(&Q_WS_QWS))[argc];
#else
  (void)argc;
  return 0;
#endif
}

Determining if the Q_WS_MAC exist failed with the following output:
Change Dir: /home/jingsheng/ROS_Learning/catkin_ws/build/CMakeFiles/CMakeTmp

Run Build Command:"/usr/bin/make" "cmTC_2d892/fast"
make[1]: Entering directory '/home/jingsheng/ROS_Learning/catkin_ws/build/CMakeFiles/CMakeTmp'
/usr/bin/make -f CMakeFiles/cmTC_2d892.dir/build.make CMakeFiles/cmTC_2d892.dir/build
make[2]: Entering directory '/home/jingsheng/ROS_Learning/catkin_ws/build/CMakeFiles/CMakeTmp'
Building CXX object CMakeFiles/cmTC_2d892.dir/CheckSymbolExists.cxx.o
/usr/bin/c++   -I/usr/include/qt4   -o CMakeFiles/cmTC_2d892.dir/CheckSymbolExists.cxx.o -c /home/jingsheng/ROS_Learning/catkin_ws/build/CMakeFiles/CMakeTmp/CheckSymbolExists.cxx
/home/jingsheng/ROS_Learning/catkin_ws/build/CMakeFiles/CMakeTmp/CheckSymbolExists.cxx: In function ‘int main(int, char**)’:
/home/jingsheng/ROS_Learning/catkin_ws/build/CMakeFiles/CMakeTmp/CheckSymbolExists.cxx:8:19: error: ‘Q_WS_MAC’ was not declared in this scope
   return ((int*)(&Q_WS_MAC))[argc];
                   ^~~~~~~~
/home/jingsheng/ROS_Learning/catkin_ws/build/CMakeFiles/CMakeTmp/CheckSymbolExists.cxx:8:19: note: suggested alternative: ‘Q_WS_X11’
   return ((int*)(&Q_WS_MAC))[argc];
                   ^~~~~~~~
                   Q_WS_X11
CMakeFiles/cmTC_2d892.dir/build.make:65: recipe for target 'CMakeFiles/cmTC_2d892.dir/CheckSymbolExists.cxx.o' failed
make[2]: *** [CMakeFiles/cmTC_2d892.dir/CheckSymbolExists.cxx.o] Error 1
make[2]: Leaving directory '/home/jingsheng/ROS_Learning/catkin_ws/build/CMakeFiles/CMakeTmp'
Makefile:126: recipe for target 'cmTC_2d892/fast' failed
make[1]: *** [cmTC_2d892/fast] Error 2
make[1]: Leaving directory '/home/jingsheng/ROS_Learning/catkin_ws/build/CMakeFiles/CMakeTmp'

File /home/jingsheng/ROS_Learning/catkin_ws/build/CMakeFiles/CMakeTmp/CheckSymbolExists.cxx:
/* */
#include <QtCore/qglobal.h>

int main(int argc, char** argv)
{
  (void)argv;
#ifndef Q_WS_MAC
  return ((int*)(&Q_WS_MAC))[argc];
#else
  (void)argc;
  return 0;
#endif
}

